<?xml version="1.0" encoding="UTF-8"?>
<!-- Generated by org.testng.reporters.JUnitReportReporter -->
<testsuite hostname="DESKTOP-7UUT0JG" failures="0" tests="1" name="com.testjenkinsTest.DemoJenkinsTest" time="0.007" errors="0" timestamp="2022-05-30T15:27:57 IST" skipped="0">
  <testcase classname="com.testjenkinsTest.DemoJenkinsTest" name="practiceTest1" time="0.007"/>
  <system-out/>
</testsuite> <!-- com.testjenkinsTest.DemoJenkinsTest -->
